1765355714096:search
1765355801882:stacktrace
1765359605754:search
1765383441877:search iron man
1765434218008:search
1765434227025:search j
1765434232148:search jieoasfe
1765463175795:search man
1765525081299:search avatar
1765532429951:search star wars
1765532446577:clear-cache
1765698757609:search lfjaie
1765698771326:serach star wars
1765698779064:search star wars
1765698797317:clear-cache
1765699490247:search star wars
1765699516584:clear cache
1765699521735:star wars
1765699531324:clear-cache
1765699544662:search star wars
1765699958042:search "star wars"
1765702888069:now-playing
1765708073964:search "star wars"
1765810767794:upcoming-movies
1765812569951:top-movies
1765814113758:popular-movies
1765819125826:tmdb-app --type TOP
1765819145143:tmdb-app --type PLAYING
1765819160213:tmdb-app --type POPULARR
1765819181232:tmdb-app --type POPULAR
1765819210049:tmdb-app --type UPCOMING
1765820048130:tmdb-app --type
1765820071626:tmdb-app --type UPCOMING
1765820158506:tmdb-app --search "star wars"
1765820177059:tmdb-app --type TOP
1765820196565:tmdb-app --type TOP --search "Star wars"
1765820211710:tmdb-app --search
